New log file opened at Fri Sep 11 20:14:00 IST 2015 by 41420@mac-pro98.local
Taking next connection to: 49497
New client attempting to connect on port: 49498-49497
  Address = /10.5.9.236:49497
This client on port 49498 has uuid 25dcc881-e8e2-4009-abf5-1b030feba0bb configName activator humanReadableName Activator protocolVersion 3 featureTags Vector()
Connected Clients: activator-25dcc881-e8e2-4009-abf5-1b030feba0bb
Taking next connection to: 49497
New client attempting to connect on port: 49500-49497
  Address = /10.5.9.236:49497
Handshake exception on socket: 49500
sbt.impl.ipc.HandshakeException: Unable to perform handshake
	at sbt.impl.ipc.Peer.handshake(IPC.scala:46)
	at sbt.impl.ipc.MultiClientServer.<init>(IPC.scala:150)
	at sbt.server.SbtServerSocketHandler$$anon$1.run(SbtServerSocketHandler.scala:43)
Caused by: java.net.SocketException: Connection reset
	at java.net.SocketInputStream.read(SocketInputStream.java:209)
	at java.net.SocketInputStream.read(SocketInputStream.java:141)
	at java.io.BufferedInputStream.fill(BufferedInputStream.java:246)
	at java.io.BufferedInputStream.read(BufferedInputStream.java:265)
	at java.io.DataInputStream.readInt(DataInputStream.java:387)
	at sbt.impl.ipc.Peer.receive(IPC.scala:95)
	at sbt.impl.ipc.Peer.handshake(IPC.scala:49)
	... 2 more
Taking next connection to: 49497
New client attempting to connect on port: 49501-49497
  Address = /10.5.9.236:49497
This client on port 49501 has uuid fffed16c-a166-491c-9111-d2ff044f5672 configName activator humanReadableName Activator protocolVersion 3 featureTags Vector()
Connected Clients: activator-fffed16c-a166-491c-9111-d2ff044f5672
Taking next connection to: 49497
Server socket closed java.net.SocketException: Socket closed
Server socket thread exiting.
1 clients open, will close them...
All client sockets have been closed.
Closing the 41420@mac-pro98.local logs at Fri Sep 11 20:14:14 IST 2015, goodbye.
